# JRE version: Java(TM) SE Runtime Environment (17.0.8+9) (build 17.0.8+9-LTS-211)
# Java VM: Java HotSpot(TM) 64-Bit Server VM (17.0.8+9-LTS-211, mixed mode, emulated-client, sharing, tiered, compressed oops, compressed class ptrs, g1 gc, windows-amd64)
GC Precious Log:
 CPUs: 8 total, 8 available
 Memory: 8073M
 Large Page Support: Disabled
 NUMA Support: Disabled
 Compressed Oops: Enabled (32-bit)
 Heap Region Size: 1M
 Heap Min Capacity: 8M
 Heap Initial Capacity: 128M
 Heap Max Capacity: 2020M
 Pre-touch: Disabled
 Parallel Workers: 8
 Concurrent Workers: 2
 Concurrent Refinement Workers: 8
 Periodic GC: Disabled
Heap:
 garbage-first heap   total 81920K, used 52221K [0x0000000081c00000, 0x0000000100000000)
  region size 1024K, 29 young (29696K), 4 survivors (4096K)
 Metaspace       used 67283K, committed 67840K, reserved 1114112K
  class space    used 9616K, committed 9856K, reserved 1048576K
GC Heap History (20 events):
Event: 4.682 GC heap before
{Heap before GC invocations=7 (full 0):
 garbage-first heap   total 51200K, used 37103K [0x0000000081c00000, 0x0000000100000000)
  region size 1024K, 22 young (22528K), 3 survivors (3072K)
 Metaspace       used 29797K, committed 30400K, reserved 1114112K
  class space    used 4124K, committed 4416K, reserved 1048576K
}
Event: 4.685 GC heap after
{Heap after GC invocations=8 (full 0):
 garbage-first heap   total 51200K, used 18449K [0x0000000081c00000, 0x0000000100000000)
  region size 1024K, 1 young (1024K), 1 survivors (1024K)
 Metaspace       used 29797K, committed 30400K, reserved 1114112K
  class space    used 4124K, committed 4416K, reserved 1048576K
}
Event: 5.193 GC heap before
{Heap before GC invocations=8 (full 0):
 garbage-first heap   total 51200K, used 37905K [0x0000000081c00000, 0x0000000100000000)
  region size 1024K, 20 young (20480K), 1 survivors (1024K)
 Metaspace       used 34456K, committed 35008K, reserved 1114112K
  class space    used 4888K, committed 5120K, reserved 1048576K
}
Event: 5.195 GC heap after
{Heap after GC invocations=9 (full 0):
 garbage-first heap   total 51200K, used 19272K [0x0000000081c00000, 0x0000000100000000)
  region size 1024K, 2 young (2048K), 2 survivors (2048K)
 Metaspace       used 34456K, committed 35008K, reserved 1114112K
  class space    used 4888K, committed 5120K, reserved 1048576K
}
Event: 5.280 GC heap before
{Heap before GC invocations=9 (full 0):
 garbage-first heap   total 51200K, used 23368K [0x0000000081c00000, 0x0000000100000000)
  region size 1024K, 7 young (7168K), 2 survivors (2048K)
 Metaspace       used 35586K, committed 36096K, reserved 1114112K
  class space    used 4996K, committed 5248K, reserved 1048576K
}
Event: 5.282 GC heap after
{Heap after GC invocations=10 (full 0):
 garbage-first heap   total 51200K, used 19987K [0x0000000081c00000, 0x0000000100000000)
  region size 1024K, 2 young (2048K), 2 survivors (2048K)
 Metaspace       used 35586K, committed 36096K, reserved 1114112K
  class space    used 4996K, committed 5248K, reserved 1048576K
}
Event: 6.112 GC heap before
{Heap before GC invocations=11 (full 0):
 garbage-first heap   total 51200K, used 39443K [0x0000000081c00000, 0x0000000100000000)
  region size 1024K, 21 young (21504K), 2 survivors (2048K)
 Metaspace       used 43360K, committed 43840K, reserved 1114112K
  class space    used 6035K, committed 6272K, reserved 1048576K
}
Event: 6.115 GC heap after
{Heap after GC invocations=12 (full 0):
 garbage-first heap   total 51200K, used 21707K [0x0000000081c00000, 0x0000000100000000)
  region size 1024K, 3 young (3072K), 3 survivors (3072K)
 Metaspace       used 43360K, committed 43840K, reserved 1114112K
  class space    used 6035K, committed 6272K, reserved 1048576K
}
Event: 6.144 GC heap before
{Heap before GC invocations=12 (full 0):
 garbage-first heap   total 51200K, used 22731K [0x0000000081c00000, 0x0000000100000000)
  region size 1024K, 4 young (4096K), 3 survivors (3072K)
 Metaspace       used 43481K, committed 43968K, reserved 1114112K
  class space    used 6049K, committed 6272K, reserved 1048576K
}
Event: 6.151 GC heap after
{Heap after GC invocations=13 (full 0):
 garbage-first heap   total 51200K, used 21551K [0x0000000081c00000, 0x0000000100000000)
  region size 1024K, 1 young (1024K), 1 survivors (1024K)
 Metaspace       used 43481K, committed 43968K, reserved 1114112K
  class space    used 6049K, committed 6272K, reserved 1048576K
}
Event: 6.513 GC heap before
{Heap before GC invocations=13 (full 0):
 garbage-first heap   total 51200K, used 37935K [0x0000000081c00000, 0x0000000100000000)
  region size 1024K, 18 young (18432K), 1 survivors (1024K)
 Metaspace       used 48078K, committed 48576K, reserved 1114112K
  class space    used 6748K, committed 6976K, reserved 1048576K
}
Event: 6.516 GC heap after
{Heap after GC invocations=14 (full 0):
 garbage-first heap   total 102400K, used 22245K [0x0000000081c00000, 0x0000000100000000)
  region size 1024K, 2 young (2048K), 2 survivors (2048K)
 Metaspace       used 48078K, committed 48576K, reserved 1114112K
  class space    used 6748K, committed 6976K, reserved 1048576K
}
Event: 7.770 GC heap before
{Heap before GC invocations=15 (full 0):
 garbage-first heap   total 81920K, used 69349K [0x0000000081c00000, 0x0000000100000000)
  region size 1024K, 48 young (49152K), 2 survivors (2048K)
 Metaspace       used 57028K, committed 57600K, reserved 1114112K
  class space    used 8132K, committed 8384K, reserved 1048576K
}
Event: 7.774 GC heap after
{Heap after GC invocations=16 (full 0):
 garbage-first heap   total 81920K, used 24696K [0x0000000081c00000, 0x0000000100000000)
  region size 1024K, 4 young (4096K), 4 survivors (4096K)
 Metaspace       used 57028K, committed 57600K, reserved 1114112K
  class space    used 8132K, committed 8384K, reserved 1048576K
}
Event: 7.778 GC heap before
{Heap before GC invocations=16 (full 0):
 garbage-first heap   total 81920K, used 25720K [0x0000000081c00000, 0x0000000100000000)
  region size 1024K, 5 young (5120K), 4 survivors (4096K)
 Metaspace       used 57028K, committed 57600K, reserved 1114112K
  class space    used 8132K, committed 8384K, reserved 1048576K
}
Event: 7.781 GC heap after
{Heap after GC invocations=17 (full 0):
 garbage-first heap   total 81920K, used 24722K [0x0000000081c00000, 0x0000000100000000)
  region size 1024K, 1 young (1024K), 1 survivors (1024K)
 Metaspace       used 57028K, committed 57600K, reserved 1114112K
  class space    used 8132K, committed 8384K, reserved 1048576K
}
Event: 8.301 GC heap before
{Heap before GC invocations=17 (full 0):
 garbage-first heap   total 81920K, used 63634K [0x0000000081c00000, 0x0000000100000000)
  region size 1024K, 39 young (39936K), 1 survivors (1024K)
 Metaspace       used 60296K, committed 60928K, reserved 1114112K
  class space    used 8609K, committed 8896K, reserved 1048576K
}
Event: 8.304 GC heap after
{Heap after GC invocations=18 (full 0):
 garbage-first heap   total 81920K, used 27201K [0x0000000081c00000, 0x0000000100000000)
  region size 1024K, 3 young (3072K), 3 survivors (3072K)
 Metaspace       used 60296K, committed 60928K, reserved 1114112K
  class space    used 8609K, committed 8896K, reserved 1048576K
}
Event: 46.366 GC heap before
{Heap before GC invocations=18 (full 0):
 garbage-first heap   total 81920K, used 64065K [0x0000000081c00000, 0x0000000100000000)
  region size 1024K, 39 young (39936K), 3 survivors (3072K)
 Metaspace       used 62102K, committed 62720K, reserved 1114112K
  class space    used 8877K, committed 9152K, reserved 1048576K
}
Event: 46.371 GC heap after
{Heap after GC invocations=19 (full 0):
 garbage-first heap   total 81920K, used 28669K [0x0000000081c00000, 0x0000000100000000)
  region size 1024K, 4 young (4096K), 4 survivors (4096K)
 Metaspace       used 62102K, committed 62720K, reserved 1114112K
  class space    used 8877K, committed 9152K, reserved 1048576K
}

